Determining if the clock_gettime exist failed with the following output:
Change Dir: /opt/zkllvm-template/build/CMakeFiles/CMakeTmp

Run Build Command(s):/usr/bin/gmake -f Makefile cmTC_f92df/fast && /usr/bin/gmake  -f CMakeFiles/cmTC_f92df.dir/build.make CMakeFiles/cmTC_f92df.dir/build
gmake[1]: Entering directory '/opt/zkllvm-template/build/CMakeFiles/CMakeTmp'
Building C object CMakeFiles/cmTC_f92df.dir/CheckSymbolExists.c.o
/usr/bin/cc    -o CMakeFiles/cmTC_f92df.dir/CheckSymbolExists.c.o -c /opt/zkllvm-template/build/CMakeFiles/CMakeTmp/CheckSymbolExists.c
/opt/zkllvm-template/build/CMakeFiles/CMakeTmp/CheckSymbolExists.c: In function 'main':
/opt/zkllvm-template/build/CMakeFiles/CMakeTmp/CheckSymbolExists.c:8:19: error: 'clock_gettime' undeclared (first use in this function)
    8 |   return ((int*)(&clock_gettime))[argc];
      |                   ^~~~~~~~~~~~~
/opt/zkllvm-template/build/CMakeFiles/CMakeTmp/CheckSymbolExists.c:8:19: note: each undeclared identifier is reported only once for each function it appears in
gmake[1]: *** [CMakeFiles/cmTC_f92df.dir/build.make:78: CMakeFiles/cmTC_f92df.dir/CheckSymbolExists.c.o] Error 1
gmake[1]: Leaving directory '/opt/zkllvm-template/build/CMakeFiles/CMakeTmp'
gmake: *** [Makefile:127: cmTC_f92df/fast] Error 2


File /opt/zkllvm-template/build/CMakeFiles/CMakeTmp/CheckSymbolExists.c:
/* */
#include <sys/time.h>

int main(int argc, char** argv)
{
  (void)argv;
#ifndef clock_gettime
  return ((int*)(&clock_gettime))[argc];
#else
  (void)argc;
  return 0;
#endif
}
Performing C SOURCE FILE Test C_HAS_AVX_1 failed with the following output:
Change Dir: /opt/zkllvm-template/build/CMakeFiles/CMakeTmp

Run Build Command(s):/usr/bin/gmake -f Makefile cmTC_dc5a0/fast && /usr/bin/gmake  -f CMakeFiles/cmTC_dc5a0.dir/build.make CMakeFiles/cmTC_dc5a0.dir/build
gmake[1]: Entering directory '/opt/zkllvm-template/build/CMakeFiles/CMakeTmp'
Building C object CMakeFiles/cmTC_dc5a0.dir/src.c.o
/usr/bin/cc -DC_HAS_AVX_1   -o CMakeFiles/cmTC_dc5a0.dir/src.c.o -c /opt/zkllvm-template/build/CMakeFiles/CMakeTmp/src.c
/opt/zkllvm-template/build/CMakeFiles/CMakeTmp/src.c: In function 'main':
/opt/zkllvm-template/build/CMakeFiles/CMakeTmp/src.c:7:7: warning: AVX vector return without AVX enabled changes the ABI [-Wpsabi]
    7 |     a = _mm256_set1_ps(0);
      |     ~~^~~~~~~~~~~~~~~~~~~
In file included from /usr/lib/gcc/x86_64-linux-gnu/11/include/immintrin.h:43,
                 from /opt/zkllvm-template/build/CMakeFiles/CMakeTmp/src.c:2:
/usr/lib/gcc/x86_64-linux-gnu/11/include/avxintrin.h:1318:1: error: inlining failed in call to 'always_inline' '_mm256_set1_ps': target specific option mismatch
 1318 | _mm256_set1_ps (float __A)
      | ^~~~~~~~~~~~~~
/opt/zkllvm-template/build/CMakeFiles/CMakeTmp/src.c:7:9: note: called from here
    7 |     a = _mm256_set1_ps(0);
      |         ^~~~~~~~~~~~~~~~~
gmake[1]: *** [CMakeFiles/cmTC_dc5a0.dir/build.make:78: CMakeFiles/cmTC_dc5a0.dir/src.c.o] Error 1
gmake[1]: Leaving directory '/opt/zkllvm-template/build/CMakeFiles/CMakeTmp'
gmake: *** [Makefile:127: cmTC_dc5a0/fast] Error 2


Source file was:

  #include <immintrin.h>

  int main()
  {
    __m256 a;
    a = _mm256_set1_ps(0);
    return 0;
  }

Performing C SOURCE FILE Test C_HAS_AVX2_1 failed with the following output:
Change Dir: /opt/zkllvm-template/build/CMakeFiles/CMakeTmp

Run Build Command(s):/usr/bin/gmake -f Makefile cmTC_fc38d/fast && /usr/bin/gmake  -f CMakeFiles/cmTC_fc38d.dir/build.make CMakeFiles/cmTC_fc38d.dir/build
gmake[1]: Entering directory '/opt/zkllvm-template/build/CMakeFiles/CMakeTmp'
Building C object CMakeFiles/cmTC_fc38d.dir/src.c.o
/usr/bin/cc -DC_HAS_AVX2_1   -o CMakeFiles/cmTC_fc38d.dir/src.c.o -c /opt/zkllvm-template/build/CMakeFiles/CMakeTmp/src.c
/opt/zkllvm-template/build/CMakeFiles/CMakeTmp/src.c: In function 'main':
/opt/zkllvm-template/build/CMakeFiles/CMakeTmp/src.c:7:7: warning: AVX vector return without AVX enabled changes the ABI [-Wpsabi]
    7 |     a = _mm256_abs_epi16(a);
      |     ~~^~~~~~~~~~~~~~~~~~~~~
In file included from /usr/lib/gcc/x86_64-linux-gnu/11/include/immintrin.h:47,
                 from /opt/zkllvm-template/build/CMakeFiles/CMakeTmp/src.c:2:
/usr/lib/gcc/x86_64-linux-gnu/11/include/avx2intrin.h:63:1: error: inlining failed in call to 'always_inline' '_mm256_abs_epi16': target specific option mismatch
   63 | _mm256_abs_epi16 (__m256i __A)
      | ^~~~~~~~~~~~~~~~
/opt/zkllvm-template/build/CMakeFiles/CMakeTmp/src.c:7:9: note: called from here
    7 |     a = _mm256_abs_epi16(a);
      |         ^~~~~~~~~~~~~~~~~~~
gmake[1]: *** [CMakeFiles/cmTC_fc38d.dir/build.make:78: CMakeFiles/cmTC_fc38d.dir/src.c.o] Error 1
gmake[1]: Leaving directory '/opt/zkllvm-template/build/CMakeFiles/CMakeTmp'
gmake: *** [Makefile:127: cmTC_fc38d/fast] Error 2


Source file was:

  #include <immintrin.h>

  int main()
  {
    __m256i a = {0};
    a = _mm256_abs_epi16(a);
    __m256i x;
    _mm256_extract_epi64(x, 0); // we rely on this in our AVX2 code
    return 0;
  }

Performing C SOURCE FILE Test CXX_HAS_AVX_1 failed with the following output:
Change Dir: /opt/zkllvm-template/build/CMakeFiles/CMakeTmp

Run Build Command(s):/usr/bin/gmake -f Makefile cmTC_00e88/fast && /usr/bin/gmake  -f CMakeFiles/cmTC_00e88.dir/build.make CMakeFiles/cmTC_00e88.dir/build
gmake[1]: Entering directory '/opt/zkllvm-template/build/CMakeFiles/CMakeTmp'
Building C object CMakeFiles/cmTC_00e88.dir/src.c.o
/usr/bin/cc -DCXX_HAS_AVX_1   -o CMakeFiles/cmTC_00e88.dir/src.c.o -c /opt/zkllvm-template/build/CMakeFiles/CMakeTmp/src.c
/opt/zkllvm-template/build/CMakeFiles/CMakeTmp/src.c: In function 'main':
/opt/zkllvm-template/build/CMakeFiles/CMakeTmp/src.c:7:7: warning: AVX vector return without AVX enabled changes the ABI [-Wpsabi]
    7 |     a = _mm256_set1_ps(0);
      |     ~~^~~~~~~~~~~~~~~~~~~
In file included from /usr/lib/gcc/x86_64-linux-gnu/11/include/immintrin.h:43,
                 from /opt/zkllvm-template/build/CMakeFiles/CMakeTmp/src.c:2:
/usr/lib/gcc/x86_64-linux-gnu/11/include/avxintrin.h:1318:1: error: inlining failed in call to 'always_inline' '_mm256_set1_ps': target specific option mismatch
 1318 | _mm256_set1_ps (float __A)
      | ^~~~~~~~~~~~~~
/opt/zkllvm-template/build/CMakeFiles/CMakeTmp/src.c:7:9: note: called from here
    7 |     a = _mm256_set1_ps(0);
      |         ^~~~~~~~~~~~~~~~~
gmake[1]: *** [CMakeFiles/cmTC_00e88.dir/build.make:78: CMakeFiles/cmTC_00e88.dir/src.c.o] Error 1
gmake[1]: Leaving directory '/opt/zkllvm-template/build/CMakeFiles/CMakeTmp'
gmake: *** [Makefile:127: cmTC_00e88/fast] Error 2


Source file was:

  #include <immintrin.h>

  int main()
  {
    __m256 a;
    a = _mm256_set1_ps(0);
    return 0;
  }

Performing C SOURCE FILE Test CXX_HAS_AVX2_1 failed with the following output:
Change Dir: /opt/zkllvm-template/build/CMakeFiles/CMakeTmp

Run Build Command(s):/usr/bin/gmake -f Makefile cmTC_6c5b6/fast && /usr/bin/gmake  -f CMakeFiles/cmTC_6c5b6.dir/build.make CMakeFiles/cmTC_6c5b6.dir/build
gmake[1]: Entering directory '/opt/zkllvm-template/build/CMakeFiles/CMakeTmp'
Building C object CMakeFiles/cmTC_6c5b6.dir/src.c.o
/usr/bin/cc -DCXX_HAS_AVX2_1   -o CMakeFiles/cmTC_6c5b6.dir/src.c.o -c /opt/zkllvm-template/build/CMakeFiles/CMakeTmp/src.c
/opt/zkllvm-template/build/CMakeFiles/CMakeTmp/src.c: In function 'main':
/opt/zkllvm-template/build/CMakeFiles/CMakeTmp/src.c:7:7: warning: AVX vector return without AVX enabled changes the ABI [-Wpsabi]
    7 |     a = _mm256_abs_epi16(a);
      |     ~~^~~~~~~~~~~~~~~~~~~~~
In file included from /usr/lib/gcc/x86_64-linux-gnu/11/include/immintrin.h:47,
                 from /opt/zkllvm-template/build/CMakeFiles/CMakeTmp/src.c:2:
/usr/lib/gcc/x86_64-linux-gnu/11/include/avx2intrin.h:63:1: error: inlining failed in call to 'always_inline' '_mm256_abs_epi16': target specific option mismatch
   63 | _mm256_abs_epi16 (__m256i __A)
      | ^~~~~~~~~~~~~~~~
/opt/zkllvm-template/build/CMakeFiles/CMakeTmp/src.c:7:9: note: called from here
    7 |     a = _mm256_abs_epi16(a);
      |         ^~~~~~~~~~~~~~~~~~~
gmake[1]: *** [CMakeFiles/cmTC_6c5b6.dir/build.make:78: CMakeFiles/cmTC_6c5b6.dir/src.c.o] Error 1
gmake[1]: Leaving directory '/opt/zkllvm-template/build/CMakeFiles/CMakeTmp'
gmake: *** [Makefile:127: cmTC_6c5b6/fast] Error 2


Source file was:

  #include <immintrin.h>

  int main()
  {
    __m256i a = {0};
    a = _mm256_abs_epi16(a);
    __m256i x;
    _mm256_extract_epi64(x, 0); // we rely on this in our AVX2 code
    return 0;
  }

